<?xml version="1.0" encoding="UTF-8"?>
<!-- Generated by org.testng.reporters.JUnitReportReporter -->
<testsuite skipped="0" hostname="DESKTOP-IUMP8HU" name="page_objects_test.HomePageTest" tests="1" failures="0" timestamp="28 Sep 2020 15:22:07 GMT" time="25.843" errors="0">
  <testcase name="testPagetitle" time="25.843" classname="page_objects_test.HomePageTest"/>
</testsuite> <!-- page_objects_test.HomePageTest -->
