<?xml version="1.0" encoding="UTF-8"?>
<!-- Generated by org.testng.reporters.JUnitReportReporter -->
<testsuite skipped="0" hostname="DESKTOP-IUMP8HU" name="page_objects_test.CheckBoxPageTest" tests="1" failures="0" timestamp="28 Sep 2020 15:22:07 GMT" time="13.302" errors="0">
  <testcase name="testCheckboxButton" time="13.302" classname="page_objects_test.CheckBoxPageTest"/>
</testsuite> <!-- page_objects_test.CheckBoxPageTest -->
